# JRE version: Java(TM) SE Runtime Environment (8.0_161-b12) (build 1.8.0_161-b12)
# Java VM: Java HotSpot(TM) 64-Bit Server VM (25.161-b12 mixed mode windows-amd64 compressed oops)
Heap:
 PSYoungGen      total 137216K, used 47656K [0x00000000d5c00000, 0x00000000dfc00000, 0x0000000100000000)
  eden space 127488K, 29% used [0x00000000d5c00000,0x00000000d810f4b0,0x00000000dd880000)
  from space 9728K, 99% used [0x00000000de780000,0x00000000df0fae90,0x00000000df100000)
  to   space 15360K, 0% used [0x00000000dd880000,0x00000000dd880000,0x00000000de780000)
 ParOldGen       total 87552K, used 17012K [0x0000000081400000, 0x0000000086980000, 0x00000000d5c00000)
  object space 87552K, 19% used [0x0000000081400000,0x000000008249d388,0x0000000086980000)
 Metaspace       used 19999K, capacity 20482K, committed 20736K, reserved 1067008K
  class space    used 2354K, capacity 2494K, committed 2560K, reserved 1048576K
GC Heap History (10 events):
Event: 4.858 GC heap before
{Heap before GC invocations=2 (full 0):
 PSYoungGen      total 38400K, used 37790K [0x00000000d5c00000, 0x00000000da700000, 0x0000000100000000)
  eden space 33280K, 100% used [0x00000000d5c00000,0x00000000d7c80000,0x00000000d7c80000)
  from space 5120K, 88% used [0x00000000d7c80000,0x00000000d80e7a00,0x00000000d8180000)
  to   space 5120K, 0% used [0x00000000da200000,0x00000000da200000,0x00000000da700000)
 ParOldGen       total 87552K, used 8K [0x0000000081400000, 0x0000000086980000, 0x00000000d5c00000)
  object space 87552K, 0% used [0x0000000081400000,0x0000000081402000,0x0000000086980000)
 Metaspace       used 11841K, capacity 12090K, committed 12288K, reserved 1060864K
  class space    used 1453K, capacity 1510K, committed 1536K, reserved 1048576K
Event: 4.882 GC heap after
Heap after GC invocations=2 (full 0):
 PSYoungGen      total 38400K, used 5114K [0x00000000d5c00000, 0x00000000da700000, 0x0000000100000000)
  eden space 33280K, 0% used [0x00000000d5c00000,0x00000000d5c00000,0x00000000d7c80000)
  from space 5120K, 99% used [0x00000000da200000,0x00000000da6feb88,0x00000000da700000)
  to   space 5120K, 0% used [0x00000000d7c80000,0x00000000d7c80000,0x00000000d8180000)
 ParOldGen       total 87552K, used 2010K [0x0000000081400000, 0x0000000086980000, 0x00000000d5c00000)
  object space 87552K, 2% used [0x0000000081400000,0x00000000815f6a18,0x0000000086980000)
 Metaspace       used 11841K, capacity 12090K, committed 12288K, reserved 1060864K
  class space    used 1453K, capacity 1510K, committed 1536K, reserved 1048576K
}
Event: 6.625 GC heap before
{Heap before GC invocations=3 (full 0):
 PSYoungGen      total 38400K, used 38394K [0x00000000d5c00000, 0x00000000da700000, 0x0000000100000000)
  eden space 33280K, 100% used [0x00000000d5c00000,0x00000000d7c80000,0x00000000d7c80000)
  from space 5120K, 99% used [0x00000000da200000,0x00000000da6feb88,0x00000000da700000)
  to   space 5120K, 0% used [0x00000000d7c80000,0x00000000d7c80000,0x00000000d8180000)
 ParOldGen       total 87552K, used 2010K [0x0000000081400000, 0x0000000086980000, 0x00000000d5c00000)
  object space 87552K, 2% used [0x0000000081400000,0x00000000815f6a18,0x0000000086980000)
 Metaspace       used 12659K, capacity 12978K, committed 13184K, reserved 1060864K
  class space    used 1535K, capacity 1615K, committed 1664K, reserved 1048576K
Event: 6.735 GC heap after
Heap after GC invocations=3 (full 0):
 PSYoungGen      total 38400K, used 5088K [0x00000000d5c00000, 0x00000000da700000, 0x0000000100000000)
  eden space 33280K, 0% used [0x00000000d5c00000,0x00000000d5c00000,0x00000000d7c80000)
  from space 5120K, 99% used [0x00000000d7c80000,0x00000000d8178020,0x00000000d8180000)
  to   space 5120K, 0% used [0x00000000da200000,0x00000000da200000,0x00000000da700000)
 ParOldGen       total 87552K, used 3838K [0x0000000081400000, 0x0000000086980000, 0x00000000d5c00000)
  object space 87552K, 4% used [0x0000000081400000,0x00000000817bf818,0x0000000086980000)
 Metaspace       used 12659K, capacity 12978K, committed 13184K, reserved 1060864K
  class space    used 1535K, capacity 1615K, committed 1664K, reserved 1048576K
}
Event: 8.073 GC heap before
{Heap before GC invocations=4 (full 0):
 PSYoungGen      total 38400K, used 38368K [0x00000000d5c00000, 0x00000000da700000, 0x0000000100000000)
  eden space 33280K, 100% used [0x00000000d5c00000,0x00000000d7c80000,0x00000000d7c80000)
  from space 5120K, 99% used [0x00000000d7c80000,0x00000000d8178020,0x00000000d8180000)
  to   space 5120K, 0% used [0x00000000da200000,0x00000000da200000,0x00000000da700000)
 ParOldGen       total 87552K, used 3838K [0x0000000081400000, 0x0000000086980000, 0x00000000d5c00000)
  object space 87552K, 4% used [0x0000000081400000,0x00000000817bf818,0x0000000086980000)
 Metaspace       used 12763K, capacity 13048K, committed 13184K, reserved 1060864K
  class space    used 1536K, capacity 1616K, committed 1664K, reserved 1048576K
Event: 8.089 GC heap after
Heap after GC invocations=4 (full 0):
 PSYoungGen      total 71680K, used 5088K [0x00000000d5c00000, 0x00000000da700000, 0x0000000100000000)
  eden space 66560K, 0% used [0x00000000d5c00000,0x00000000d5c00000,0x00000000d9d00000)
  from space 5120K, 99% used [0x00000000da200000,0x00000000da6f8020,0x00000000da700000)
  to   space 5120K, 0% used [0x00000000d9d00000,0x00000000d9d00000,0x00000000da200000)
 ParOldGen       total 87552K, used 5646K [0x0000000081400000, 0x0000000086980000, 0x00000000d5c00000)
  object space 87552K, 6% used [0x0000000081400000,0x0000000081983838,0x0000000086980000)
 Metaspace       used 12763K, capacity 13048K, committed 13184K, reserved 1060864K
  class space    used 1536K, capacity 1616K, committed 1664K, reserved 1048576K
}
Event: 24.723 GC heap before
{Heap before GC invocations=5 (full 0):
 PSYoungGen      total 71680K, used 71648K [0x00000000d5c00000, 0x00000000da700000, 0x0000000100000000)
  eden space 66560K, 100% used [0x00000000d5c00000,0x00000000d9d00000,0x00000000d9d00000)
  from space 5120K, 99% used [0x00000000da200000,0x00000000da6f8020,0x00000000da700000)
  to   space 5120K, 0% used [0x00000000d9d00000,0x00000000d9d00000,0x00000000da200000)
 ParOldGen       total 87552K, used 5646K [0x0000000081400000, 0x0000000086980000, 0x00000000d5c00000)
  object space 87552K, 6% used [0x0000000081400000,0x0000000081983838,0x0000000086980000)
 Metaspace       used 13876K, capacity 14190K, committed 14336K, reserved 1062912K
  class space    used 1639K, capacity 1697K, committed 1792K, reserved 1048576K
Event: 24.745 GC heap after
Heap after GC invocations=5 (full 0):
 PSYoungGen      total 71680K, used 5104K [0x00000000d5c00000, 0x00000000df100000, 0x0000000100000000)
  eden space 66560K, 0% used [0x00000000d5c00000,0x00000000d5c00000,0x00000000d9d00000)
  from space 5120K, 99% used [0x00000000d9d00000,0x00000000da1fc010,0x00000000da200000)
  to   space 9728K, 0% used [0x00000000de780000,0x00000000de780000,0x00000000df100000)
 ParOldGen       total 87552K, used 9128K [0x0000000081400000, 0x0000000086980000, 0x00000000d5c00000)
  object space 87552K, 10% used [0x0000000081400000,0x0000000081cea2d8,0x0000000086980000)
 Metaspace       used 13876K, capacity 14190K, committed 14336K, reserved 1062912K
  class space    used 1639K, capacity 1697K, committed 1792K, reserved 1048576K
}
Event: 51.411 GC heap before
{Heap before GC invocations=6 (full 0):
 PSYoungGen      total 71680K, used 71664K [0x00000000d5c00000, 0x00000000df100000, 0x0000000100000000)
  eden space 66560K, 100% used [0x00000000d5c00000,0x00000000d9d00000,0x00000000d9d00000)
  from space 5120K, 99% used [0x00000000d9d00000,0x00000000da1fc010,0x00000000da200000)
  to   space 9728K, 0% used [0x00000000de780000,0x00000000de780000,0x00000000df100000)
 ParOldGen       total 87552K, used 9128K [0x0000000081400000, 0x0000000086980000, 0x00000000d5c00000)
  object space 87552K, 10% used [0x0000000081400000,0x0000000081cea2d8,0x0000000086980000)
 Metaspace       used 18535K, capacity 18968K, committed 19200K, reserved 1067008K
  class space    used 2219K, capacity 2290K, committed 2304K, reserved 1048576K
Event: 51.448 GC heap after
Heap after GC invocations=6 (full 0):
 PSYoungGen      total 137216K, used 9707K [0x00000000d5c00000, 0x00000000dfc00000, 0x0000000100000000)
  eden space 127488K, 0% used [0x00000000d5c00000,0x00000000d5c00000,0x00000000dd880000)
  from space 9728K, 99% used [0x00000000de780000,0x00000000df0fae90,0x00000000df100000)
  to   space 15360K, 0% used [0x00000000dd880000,0x00000000dd880000,0x00000000de780000)
 ParOldGen       total 87552K, used 17012K [0x0000000081400000, 0x0000000086980000, 0x00000000d5c00000)
  object space 87552K, 19% used [0x0000000081400000,0x000000008249d388,0x0000000086980000)
 Metaspace       used 18535K, capacity 18968K, committed 19200K, reserved 1067008K
  class space    used 2219K, capacity 2290K, committed 2304K, reserved 1048576K
}

